<?xml version="1.0" encoding="UTF-8"?>
<!-- Generated by org.testng.reporters.JUnitXMLReporter -->
<testsuite ignored="1" hostname="LPCAIQ1132" failures="0" tests="1" name="Default test" time="7.854" errors="0" timestamp="2023-01-22T15:55:09 EET">
  <testcase classname="Cucumber_TestRunner.tesingdraft" name="setDir" time="2.711"/>
  <testcase classname="io.cucumber.testng.AbstractTestNGCucumberTests" name="runScenario" time="0.0">
    <ignored/>
  </testcase> <!-- runScenario -->
</testsuite> <!-- Default test -->
